<?xml version="1.0" encoding="UTF-8"?>
<!-- Generated by org.testng.reporters.JUnitReportReporter -->
<testsuite hostname="LAPTOP-G1CF8D3Q" failures="0" tests="1" name="org.example.launchchrome" time="4.151" errors="0" timestamp="2023-05-11T10:36:29 IST" skipped="0">
  <testcase classname="org.example.launchchrome" name="chrome" time="4.151"/>
  <system-out/>
</testsuite> <!-- org.example.launchchrome -->
